SF:lib/src/utils/latex_processor.dart
DA:15,4
DA:23,12
DA:26,0
DA:29,4
DA:30,4
DA:31,4
DA:32,8
DA:33,3
DA:34,6
DA:35,0
DA:36,0
DA:47,12
DA:51,12
DA:54,12
DA:58,4
DA:59,8
DA:63,1
DA:64,2
DA:68,1
DA:69,2
DA:73,4
DA:74,4
DA:76,4
DA:79,4
DA:82,11
DA:83,6
DA:84,3
DA:85,3
DA:86,3
DA:92,12
DA:94,7
DA:95,15
DA:96,15
DA:99,8
DA:100,4
DA:101,4
DA:102,4
DA:109,16
DA:114,8
DA:116,8
DA:117,8
DA:118,8
DA:121,4
DA:126,8
DA:127,4
DA:128,4
DA:129,4
DA:130,4
DA:133,4
DA:137,8
DA:138,8
DA:139,4
DA:142,4
DA:150,1
DA:151,1
DA:154,3
DA:155,3
DA:162,1
DA:163,1
DA:165,2
DA:166,2
DA:175,1
DA:176,3
DA:180,1
DA:181,1
DA:183,3
DA:184,2
DA:198,4
LF:68
LH:65
end_of_record
SF:lib/flutter_streaming_text_markdown.dart
DA:110,4
DA:137,1
DA:163,1
DA:189,0
DA:215,0
DA:240,0
DA:258,0
DA:259,0
DA:260,0
DA:261,0
DA:262,0
DA:263,0
DA:265,4
DA:266,4
DA:273,4
DA:275,4
DA:277,20
DA:280,4
DA:282,8
DA:283,4
DA:286,4
DA:288,8
DA:289,8
DA:290,3
DA:292,8
DA:293,8
DA:296,4
DA:297,4
DA:298,4
DA:300,4
DA:301,4
DA:302,48
DA:303,8
DA:304,8
DA:305,8
DA:306,8
DA:307,16
DA:308,8
DA:310,16
DA:312,8
DA:313,8
DA:314,8
DA:315,8
DA:316,8
DA:317,8
DA:318,8
DA:319,8
DA:320,8
DA:321,3
DA:323,15
DA:324,6
DA:325,9
DA:331,8
LF:53
LH:44
end_of_record
SF:lib/src/streaming/streaming_text.dart
DA:32,7
DA:99,6
DA:100,6
DA:106,6
DA:108,12
DA:109,6
DA:110,6
DA:115,18
DA:133,6
DA:135,6
DA:136,6
DA:137,12
DA:139,12
DA:141,12
DA:145,6
DA:146,6
DA:149,6
DA:150,12
DA:151,6
DA:153,8
DA:157,2
DA:158,6
DA:160,4
DA:163,5
DA:164,2
DA:165,2
DA:166,4
DA:167,5
DA:168,2
DA:172,4
DA:173,4
DA:174,4
DA:175,0
DA:179,6
DA:180,2
DA:184,2
DA:185,4
DA:186,1
DA:188,1
DA:192,0
DA:193,0
DA:194,0
DA:195,0
DA:196,0
DA:197,0
DA:198,0
DA:199,0
DA:201,0
DA:204,2
DA:205,4
DA:206,4
DA:207,4
DA:208,8
DA:209,2
DA:210,2
DA:212,6
DA:213,6
DA:215,6
DA:216,6
DA:220,6
DA:221,12
DA:226,12
DA:227,12
DA:231,6
DA:232,14
DA:235,6
DA:236,12
DA:238,12
DA:239,3
DA:241,5
DA:245,1
DA:247,1
DA:250,5
DA:251,1
DA:253,0
DA:254,0
DA:255,0
DA:262,3
DA:263,1
DA:265,4
DA:266,4
DA:269,1
DA:270,1
DA:273,1
DA:276,1
DA:278,1
DA:281,5
DA:282,1
DA:284,0
DA:287,2
DA:288,1
DA:291,6
DA:292,15
DA:293,6
DA:294,3
DA:298,3
DA:299,3
DA:300,9
DA:301,6
DA:302,3
DA:303,6
DA:304,6
DA:305,6
DA:306,3
DA:307,3
DA:310,6
DA:311,2
DA:312,3
DA:314,0
DA:315,0
DA:318,3
DA:321,0
DA:322,0
DA:323,0
DA:324,0
DA:327,3
DA:328,6
DA:329,3
DA:330,3
DA:332,6
DA:333,7
DA:335,9
DA:336,7
DA:342,2
DA:344,4
DA:345,4
DA:353,0
DA:355,0
DA:356,0
DA:360,2
DA:361,4
DA:363,4
DA:364,2
DA:366,4
DA:368,6
DA:369,2
DA:373,5
DA:374,5
DA:376,10
DA:377,3
DA:379,5
DA:383,3
DA:387,12
DA:388,2
DA:391,3
DA:392,0
DA:393,3
DA:396,9
DA:397,9
DA:400,6
DA:402,4
DA:403,14
DA:404,2
DA:405,0
DA:409,4
DA:410,2
DA:411,4
DA:412,2
DA:413,2
DA:415,4
DA:416,6
DA:418,6
DA:419,6
DA:424,4
DA:425,10
DA:426,2
DA:428,4
DA:429,2
DA:431,0
DA:432,2
DA:434,2
DA:435,3
DA:436,2
DA:438,2
DA:439,2
DA:442,4
DA:443,6
DA:444,6
DA:445,4
DA:447,4
DA:451,2
DA:452,6
DA:453,6
DA:454,4
DA:458,0
DA:461,2
DA:462,6
DA:469,2
DA:474,1
DA:477,2
DA:478,5
DA:479,1
DA:480,0
DA:484,2
DA:485,0
DA:486,0
DA:487,0
DA:488,0
DA:490,0
DA:491,0
DA:492,0
DA:493,0
DA:498,2
DA:499,5
DA:500,1
DA:502,2
DA:503,1
DA:504,0
DA:505,1
DA:506,0
DA:507,0
DA:508,0
DA:510,0
DA:511,0
DA:513,2
DA:514,3
DA:515,3
DA:516,2
DA:518,2
DA:523,1
DA:528,1
DA:532,1
DA:533,4
DA:534,0
DA:535,0
DA:539,0
DA:540,0
DA:541,0
DA:542,0
DA:543,0
DA:545,0
DA:546,0
DA:547,0
DA:548,0
DA:553,0
DA:554,0
DA:556,0
DA:558,0
DA:559,0
DA:560,0
DA:561,0
DA:564,0
DA:568,1
DA:570,1
DA:572,1
DA:575,2
DA:576,2
DA:577,3
DA:579,1
DA:582,2
DA:583,2
DA:586,5
DA:589,1
DA:590,1
DA:591,1
DA:593,3
DA:594,1
DA:597,1
DA:598,1
DA:599,1
DA:600,0
DA:601,2
DA:603,0
DA:606,2
DA:607,4
DA:611,3
DA:612,0
DA:619,0
DA:620,0
DA:626,0
DA:627,0
DA:629,0
DA:631,0
DA:632,0
DA:634,0
DA:636,0
DA:637,0
DA:642,5
DA:643,15
DA:644,2
DA:651,19
DA:652,3
DA:655,16
DA:659,10
DA:661,6
DA:662,24
DA:663,4
DA:664,0
DA:668,8
DA:669,4
DA:670,8
DA:671,4
DA:672,4
DA:674,8
DA:675,12
DA:677,12
DA:678,12
DA:683,8
DA:684,8
DA:686,4
DA:688,8
DA:689,12
DA:690,8
DA:693,4
DA:694,2
DA:695,1
DA:696,2
DA:697,1
DA:698,1
DA:699,4
DA:700,1
DA:704,4
DA:707,4
DA:711,2
DA:712,6
DA:715,4
DA:717,2
DA:718,9
DA:719,1
DA:720,0
DA:724,2
DA:725,1
DA:726,2
DA:727,1
DA:728,1
DA:730,3
DA:732,3
DA:733,3
DA:738,2
DA:739,2
DA:740,2
DA:743,1
DA:744,2
DA:746,1
DA:747,0
DA:748,0
DA:749,0
DA:754,1
DA:758,2
DA:759,4
DA:760,0
DA:763,2
DA:764,4
DA:767,6
DA:768,4
DA:771,6
DA:772,8
DA:773,2
DA:778,4
DA:782,2
DA:784,2
DA:785,4
DA:788,0
DA:789,0
DA:791,0
DA:794,0
DA:797,0
DA:798,0
DA:799,0
DA:802,0
DA:805,6
DA:806,14
DA:808,2
DA:813,12
DA:816,6
DA:818,6
DA:819,0
DA:820,0
DA:821,0
DA:822,0
DA:823,0
DA:824,0
DA:825,0
DA:827,0
DA:829,0
DA:830,0
DA:833,6
DA:837,6
DA:838,6
DA:839,0
DA:840,0
DA:841,0
DA:846,24
DA:847,12
DA:848,12
DA:853,12
DA:856,12
DA:857,6
DA:859,6
DA:861,6
DA:863,6
DA:866,6
DA:872,4
DA:873,2
DA:874,1
DA:876,1
DA:877,3
DA:882,2
DA:883,1
DA:885,0
DA:889,0
DA:891,0
DA:893,0
DA:896,0
DA:900,0
DA:901,0
DA:902,0
DA:906,0
DA:907,0
DA:909,0
DA:910,0
DA:913,0
DA:916,0
DA:917,0
DA:918,0
DA:919,0
DA:922,0
DA:925,1
DA:930,4
DA:931,4
DA:935,8
DA:936,8
DA:937,12
DA:938,8
DA:939,8
DA:943,0
DA:944,0
DA:945,0
DA:946,0
DA:950,0
DA:951,0
DA:953,0
DA:957,0
DA:959,0
DA:961,0
DA:963,0
DA:965,0
DA:967,0
DA:968,0
DA:975,0
DA:980,6
DA:982,6
DA:984,6
DA:988,2
DA:989,6
DA:990,2
DA:992,4
DA:993,2
DA:995,4
DA:998,4
DA:999,2
DA:1000,6
DA:1001,10
DA:1009,2
DA:1010,6
DA:1014,3
DA:1015,9
DA:1016,3
DA:1018,6
DA:1019,3
DA:1021,6
DA:1024,9
DA:1025,3
DA:1032,6
DA:1034,18
DA:1036,3
DA:1039,6
DA:1043,3
DA:1045,6
DA:1047,3
DA:1053,3
DA:1055,6
DA:1056,3
DA:1058,3
DA:1059,3
DA:1060,6
DA:1063,6
DA:1066,6
DA:1067,2
DA:1068,4
DA:1069,2
DA:1070,2
DA:1071,2
DA:1072,2
DA:1073,2
DA:1074,4
DA:1075,2
DA:1076,2
DA:1077,2
DA:1081,3
DA:1082,6
DA:1083,10
DA:1084,3
DA:1086,8
DA:1087,6
DA:1088,3
DA:1089,6
DA:1090,8
DA:1098,9
DA:1099,3
DA:1100,6
DA:1106,3
DA:1112,6
DA:1113,12
DA:1114,0
DA:1115,0
DA:1116,0
DA:1120,6
DA:1123,6
DA:1124,4
DA:1125,8
DA:1126,8
DA:1130,6
DA:1131,18
DA:1134,8
DA:1135,4
DA:1142,4
DA:1143,2
DA:1144,3
DA:1147,7
DA:1148,6
DA:1154,6
DA:1156,18
DA:1159,2
DA:1162,2
DA:1165,3
DA:1167,3
DA:1170,4
DA:1171,8
DA:1172,4
DA:1174,8
DA:1175,8
DA:1176,0
DA:1181,4
DA:1182,0
DA:1183,0
DA:1184,0
DA:1185,0
DA:1189,4
DA:1190,0
DA:1191,0
DA:1192,0
DA:1193,0
DA:1197,6
DA:1198,2
DA:1199,1
DA:1200,3
DA:1201,4
DA:1207,5
DA:1208,6
DA:1210,4
DA:1214,4
DA:1217,4
DA:1223,5
DA:1224,10
DA:1227,5
DA:1230,10
DA:1232,5
DA:1233,10
DA:1234,10
DA:1235,10
DA:1237,5
DA:1238,4
DA:1239,2
DA:1244,10
DA:1245,10
DA:1246,5
DA:1248,5
DA:1254,5
DA:1255,10
DA:1256,12
DA:1257,18
DA:1258,6
DA:1259,6
DA:1260,12
DA:1262,3
DA:1263,6
DA:1264,3
DA:1269,6
DA:1270,6
DA:1271,3
DA:1273,3
DA:1279,8
DA:1280,4
DA:1286,5
DA:1287,0
DA:1288,10
DA:1291,3
DA:1294,3
DA:1295,3
DA:1296,3
DA:1297,3
DA:1298,3
DA:1299,3
DA:1300,3
DA:1301,3
DA:1302,3
DA:1303,3
DA:1304,3
DA:1305,3
DA:1306,3
DA:1307,3
DA:1308,3
DA:1309,3
DA:1310,3
DA:1311,3
DA:1312,3
DA:1313,3
DA:1314,3
DA:1315,3
DA:1316,3
DA:1317,3
DA:1318,3
DA:1319,3
DA:1320,3
DA:1321,3
DA:1322,3
DA:1323,3
DA:1324,3
DA:1325,3
DA:1326,3
DA:1327,3
DA:1329,7
DA:1330,3
DA:1333,9
DA:1334,9
DA:1335,3
DA:1338,8
DA:1339,6
DA:1340,2
DA:1343,6
DA:1344,6
DA:1347,6
DA:1349,11
DA:1350,9
DA:1351,12
DA:1352,12
DA:1353,6
DA:1356,12
DA:1357,12
DA:1358,12
DA:1361,12
DA:1362,8
DA:1365,6
LF:644
LH:497
end_of_record
SF:lib/src/theme/streaming_text_theme.dart
DA:28,5
DA:39,4
DA:40,4
DA:41,8
DA:43,4
DA:47,4
DA:48,8
DA:51,4
DA:52,8
DA:60,0
DA:70,0
DA:71,0
DA:72,0
DA:73,0
DA:74,0
DA:75,0
DA:76,0
DA:77,0
DA:81,0
DA:83,0
DA:87,0
DA:88,0
DA:89,0
DA:90,0
DA:92,0
DA:94,0
DA:95,0
DA:97,0
DA:105,4
DA:106,8
DA:107,4
LF:31
LH:12
end_of_record
SF:lib/src/controller/streaming_text_controller.dart
DA:53,4
DA:56,4
DA:59,4
DA:62,0
DA:65,0
DA:68,0
DA:72,0
DA:73,0
DA:74,0
DA:76,0
DA:77,0
DA:81,1
DA:82,3
DA:83,1
DA:84,1
DA:89,1
DA:90,1
DA:91,1
DA:92,1
DA:97,0
DA:98,0
DA:99,0
DA:100,0
DA:101,0
DA:102,0
DA:106,2
DA:107,2
DA:108,2
DA:109,2
DA:110,2
DA:111,2
DA:112,2
DA:116,0
DA:117,0
DA:118,0
DA:119,0
DA:120,0
DA:121,0
DA:125,0
DA:126,0
DA:130,0
DA:131,0
DA:135,0
DA:136,0
DA:140,2
DA:141,2
DA:145,1
DA:146,2
DA:148,2
DA:149,0
DA:150,0
DA:151,0
DA:154,1
DA:158,2
DA:159,2
DA:160,2
DA:161,2
DA:162,2
DA:163,2
DA:166,2
DA:167,4
DA:168,2
DA:169,2
DA:170,2
DA:174,2
DA:175,2
DA:176,2
DA:179,0
DA:181,0
DA:182,0
DA:183,0
DA:184,0
DA:209,0
DA:212,0
DA:213,0
DA:216,0
DA:218,0
DA:220,0
DA:222,0
DA:224,0
DA:226,0
LF:81
LH:38
end_of_record
SF:lib/src/presets/animation_presets.dart
DA:100,0
DA:102,0
DA:111,0
DA:120,0
DA:129,0
DA:159,7
DA:169,0
DA:177,0
DA:178,0
DA:179,0
DA:180,0
DA:181,0
DA:182,0
DA:183,0
DA:187,0
DA:190,0
DA:191,0
DA:192,0
DA:193,0
DA:194,0
DA:195,0
DA:196,0
DA:199,0
DA:201,0
DA:202,0
DA:203,0
DA:204,0
DA:205,0
DA:206,0
DA:207,0
DA:211,0
DA:213,0
DA:214,0
DA:215,0
DA:216,0
DA:217,0
DA:218,0
DA:219,0
LF:38
LH:1
end_of_record
SF:lib/src/streaming/default_stream_provider.dart
DA:23,0
DA:26,0
DA:30,0
DA:32,0
DA:35,0
DA:37,0
DA:44,0
DA:45,0
DA:48,0
DA:49,0
DA:52,0
DA:53,0
DA:54,0
DA:55,0
DA:61,0
DA:66,0
DA:67,0
DA:69,0
DA:70,0
DA:71,0
DA:72,0
DA:74,0
DA:76,0
DA:79,0
DA:80,0
DA:87,0
DA:88,0
DA:90,0
DA:91,0
DA:92,0
DA:93,0
DA:95,0
DA:96,0
DA:97,0
DA:98,0
DA:104,0
DA:107,0
DA:108,0
DA:110,0
DA:111,0
DA:115,0
DA:117,0
DA:118,0
DA:120,0
DA:121,0
DA:122,0
DA:124,0
DA:128,0
DA:133,0
DA:134,0
DA:135,0
DA:137,0
DA:139,0
DA:143,0
DA:146,0
DA:147,0
DA:151,0
DA:152,0
DA:154,0
DA:158,0
DA:160,0
DA:161,0
DA:162,0
DA:163,0
DA:164,0
DA:166,0
DA:171,0
DA:173,0
DA:174,0
DA:175,0
DA:176,0
DA:177,0
DA:179,0
DA:184,0
DA:186,0
DA:187,0
DA:188,0
DA:190,0
DA:193,0
DA:195,0
DA:198,0
DA:200,0
DA:201,0
DA:202,0
DA:206,0
DA:207,0
DA:208,0
DA:210,0
DA:211,0
DA:212,0
DA:213,0
DA:214,0
DA:221,0
DA:222,0
DA:223,0
LF:95
LH:0
end_of_record
SF:lib/src/streaming/stream_provider.dart
DA:42,0
DA:49,0
DA:50,0
DA:58,0
DA:60,0
DA:68,0
DA:69,0
DA:77,0
DA:78,0
DA:125,7
DA:148,7
DA:154,0
DA:155,0
LF:13
LH:2
end_of_record
