SF:lib/src/utils/latex_processor.dart
DA:15,3
DA:23,9
DA:26,0
DA:29,3
DA:30,3
DA:31,3
DA:32,6
DA:33,3
DA:34,6
DA:35,0
DA:36,0
DA:47,9
DA:50,9
DA:53,9
DA:56,3
DA:57,6
DA:61,1
DA:62,2
DA:66,1
DA:67,2
DA:71,3
DA:72,3
DA:74,3
DA:77,3
DA:80,9
DA:81,6
DA:82,3
DA:83,3
DA:84,3
DA:90,9
DA:92,6
DA:93,15
DA:94,15
DA:98,6
DA:99,3
DA:100,3
DA:101,3
DA:108,15
DA:113,6
DA:115,6
DA:116,6
DA:117,6
DA:120,3
DA:125,6
DA:126,3
DA:127,3
DA:128,3
DA:129,3
DA:132,3
DA:136,6
DA:137,6
DA:138,3
DA:141,3
DA:149,1
DA:150,1
DA:153,3
DA:154,3
DA:161,1
DA:162,1
DA:164,2
DA:165,2
DA:174,1
DA:175,3
DA:179,1
DA:180,1
DA:182,3
DA:183,2
DA:197,3
LF:68
LH:65
end_of_record
SF:lib/flutter_streaming_text_markdown.dart
DA:110,3
DA:137,1
DA:163,1
DA:189,0
DA:215,0
DA:240,0
DA:258,0
DA:259,0
DA:260,0
DA:261,0
DA:262,0
DA:263,0
DA:265,3
DA:266,3
DA:273,3
DA:275,3
DA:277,15
DA:280,3
DA:282,6
DA:283,3
DA:286,3
DA:288,6
DA:289,6
DA:290,3
DA:292,6
DA:293,6
DA:296,3
DA:297,3
DA:298,3
DA:300,3
DA:301,3
DA:302,36
DA:303,6
DA:304,6
DA:305,6
DA:306,6
DA:307,12
DA:308,6
DA:309,12
DA:311,6
DA:312,6
DA:313,6
DA:314,6
DA:315,6
DA:316,6
DA:317,6
DA:318,6
DA:319,6
DA:320,2
DA:322,10
DA:323,4
DA:324,6
DA:330,5
LF:53
LH:44
end_of_record
SF:lib/src/streaming/streaming_text.dart
DA:32,4
DA:99,3
DA:100,3
DA:106,3
DA:108,6
DA:109,6
DA:110,6
DA:115,9
DA:129,3
DA:131,3
DA:132,3
DA:133,6
DA:135,6
DA:137,6
DA:141,3
DA:142,3
DA:145,3
DA:146,6
DA:147,6
DA:149,8
DA:153,2
DA:154,6
DA:156,4
DA:159,5
DA:160,2
DA:161,2
DA:162,4
DA:163,5
DA:164,2
DA:168,4
DA:169,4
DA:170,4
DA:171,0
DA:175,4
DA:176,2
DA:177,2
DA:181,2
DA:182,4
DA:183,1
DA:185,1
DA:189,0
DA:190,0
DA:191,0
DA:192,0
DA:193,0
DA:194,0
DA:196,0
DA:199,2
DA:200,4
DA:201,4
DA:202,4
DA:203,8
DA:204,2
DA:206,6
DA:207,6
DA:209,6
DA:210,6
DA:214,3
DA:215,6
DA:220,6
DA:221,6
DA:225,3
DA:226,8
DA:227,6
DA:228,2
DA:230,3
DA:234,1
DA:236,1
DA:239,5
DA:240,1
DA:242,0
DA:243,0
DA:244,0
DA:251,3
DA:252,1
DA:253,4
DA:254,4
DA:257,1
DA:258,1
DA:261,1
DA:264,1
DA:266,1
DA:269,5
DA:270,1
DA:272,0
DA:275,2
DA:276,1
DA:279,3
DA:280,9
DA:281,6
DA:282,3
DA:286,2
DA:287,2
DA:288,6
DA:289,4
DA:290,2
DA:291,4
DA:292,4
DA:293,2
DA:294,2
DA:295,2
DA:298,0
DA:299,0
DA:300,0
DA:301,0
DA:304,2
DA:305,6
DA:306,4
DA:307,4
DA:309,6
DA:310,4
DA:316,2
DA:317,4
DA:319,4
DA:320,2
DA:322,4
DA:324,6
DA:325,2
DA:329,3
DA:330,3
DA:332,6
DA:333,3
DA:335,3
DA:339,3
DA:343,12
DA:344,2
DA:347,3
DA:348,0
DA:349,3
DA:352,9
DA:353,9
DA:356,6
DA:358,4
DA:359,14
DA:360,2
DA:361,0
DA:365,4
DA:366,2
DA:367,6
DA:368,4
DA:369,6
DA:371,6
DA:372,6
DA:377,4
DA:378,10
DA:379,2
DA:381,4
DA:382,2
DA:384,0
DA:385,2
DA:387,5
DA:388,2
DA:390,2
DA:391,2
DA:394,4
DA:395,6
DA:396,6
DA:397,4
DA:399,4
DA:403,2
DA:404,6
DA:405,6
DA:406,4
DA:410,0
DA:413,2
DA:414,6
DA:421,2
DA:426,1
DA:429,2
DA:430,5
DA:431,1
DA:432,0
DA:436,2
DA:437,0
DA:438,0
DA:439,0
DA:440,0
DA:441,0
DA:442,0
DA:447,2
DA:448,5
DA:449,1
DA:451,2
DA:452,1
DA:453,0
DA:454,1
DA:455,0
DA:456,0
DA:458,0
DA:459,0
DA:461,2
DA:462,3
DA:463,3
DA:464,2
DA:466,2
DA:471,1
DA:476,1
DA:479,1
DA:480,4
DA:481,0
DA:482,0
DA:486,0
DA:487,0
DA:488,0
DA:489,0
DA:490,0
DA:491,0
DA:492,0
DA:497,0
DA:498,0
DA:500,0
DA:502,0
DA:503,0
DA:504,0
DA:505,0
DA:508,0
DA:512,1
DA:514,1
DA:516,1
DA:519,2
DA:520,2
DA:521,3
DA:523,1
DA:526,2
DA:527,2
DA:530,5
DA:533,1
DA:534,1
DA:535,1
DA:537,3
DA:538,1
DA:541,3
DA:542,0
DA:543,2
DA:545,0
DA:548,2
DA:549,4
DA:553,3
DA:554,0
DA:561,0
DA:562,0
DA:568,0
DA:569,0
DA:571,0
DA:573,0
DA:574,0
DA:576,0
DA:578,0
DA:579,0
DA:584,3
DA:585,9
DA:586,2
DA:593,12
DA:594,2
DA:597,8
DA:601,6
DA:603,4
DA:604,14
DA:605,2
DA:606,0
DA:610,4
DA:611,2
DA:612,6
DA:613,4
DA:614,6
DA:616,6
DA:617,6
DA:622,4
DA:623,4
DA:625,2
DA:627,4
DA:628,6
DA:629,4
DA:632,2
DA:633,6
DA:634,1
DA:635,4
DA:636,1
DA:640,2
DA:643,2
DA:647,2
DA:648,6
DA:651,4
DA:653,2
DA:654,9
DA:655,1
DA:656,0
DA:660,2
DA:661,1
DA:662,3
DA:663,3
DA:665,3
DA:666,3
DA:671,2
DA:672,2
DA:673,2
DA:676,1
DA:677,2
DA:679,1
DA:680,0
DA:681,0
DA:682,0
DA:687,1
DA:691,2
DA:692,4
DA:693,0
DA:696,2
DA:697,4
DA:700,6
DA:701,4
DA:704,6
DA:705,8
DA:706,2
DA:711,4
DA:715,2
DA:717,2
DA:718,4
DA:721,0
DA:722,0
DA:724,0
DA:727,0
DA:730,0
DA:731,0
DA:732,0
DA:735,0
DA:738,3
DA:739,8
DA:741,2
DA:746,6
DA:749,3
DA:751,3
DA:752,0
DA:753,0
DA:754,0
DA:755,0
DA:756,0
DA:757,0
DA:759,0
DA:761,0
DA:762,0
DA:765,3
DA:769,3
DA:770,3
DA:771,0
DA:772,0
DA:773,0
DA:778,12
DA:779,6
DA:780,6
DA:785,6
DA:788,6
DA:789,3
DA:791,3
DA:793,3
DA:795,3
DA:798,3
DA:804,2
DA:805,2
DA:806,1
DA:808,1
DA:809,3
DA:814,2
DA:815,1
DA:817,0
DA:821,0
DA:823,0
DA:825,0
DA:828,0
DA:832,0
DA:833,0
DA:834,0
DA:838,0
DA:839,0
DA:841,0
DA:842,0
DA:845,0
DA:848,0
DA:849,0
DA:850,0
DA:851,0
DA:854,0
DA:857,1
DA:862,2
DA:863,2
DA:867,4
DA:868,4
DA:869,6
DA:870,4
DA:871,4
DA:875,0
DA:876,0
DA:877,0
DA:878,0
DA:882,0
DA:883,0
DA:885,0
DA:889,0
DA:891,0
DA:893,0
DA:895,0
DA:897,0
DA:899,0
DA:900,0
DA:907,0
DA:912,3
DA:914,3
DA:916,3
DA:920,2
DA:921,6
DA:922,2
DA:924,4
DA:925,2
DA:927,4
DA:930,4
DA:931,2
DA:932,6
DA:933,10
DA:941,2
DA:942,6
DA:946,2
DA:947,6
DA:948,2
DA:950,4
DA:951,2
DA:953,4
DA:956,6
DA:957,2
DA:964,3
DA:966,10
DA:968,2
DA:971,3
DA:975,2
DA:977,4
DA:979,2
DA:985,2
DA:987,4
DA:988,2
DA:990,2
DA:991,2
DA:992,4
DA:995,4
DA:998,4
DA:999,2
DA:1000,10
DA:1001,2
DA:1002,2
DA:1003,10
DA:1007,2
DA:1008,4
DA:1009,8
DA:1011,16
DA:1012,6
DA:1020,6
DA:1021,2
DA:1022,4
DA:1028,2
DA:1034,3
DA:1035,6
DA:1036,0
DA:1037,0
DA:1038,0
DA:1043,18
DA:1044,3
DA:1048,6
DA:1049,12
DA:1050,9
DA:1051,6
DA:1056,1
DA:1057,3
DA:1058,2
DA:1063,3
DA:1065,9
DA:1068,1
DA:1069,2
DA:1070,1
DA:1072,2
DA:1073,2
DA:1074,0
DA:1079,1
DA:1080,0
DA:1081,0
DA:1082,0
DA:1083,0
DA:1087,1
DA:1088,0
DA:1089,0
DA:1090,0
DA:1091,0
DA:1095,1
DA:1096,0
DA:1097,0
DA:1098,0
DA:1099,0
DA:1105,2
DA:1106,0
DA:1108,4
DA:1112,1
DA:1115,1
DA:1121,2
DA:1122,4
DA:1125,2
DA:1128,4
DA:1130,2
DA:1131,4
DA:1132,4
DA:1133,4
DA:1135,2
DA:1136,4
DA:1137,2
DA:1142,4
DA:1143,4
DA:1144,2
DA:1146,2
DA:1152,2
DA:1153,4
DA:1154,4
DA:1155,6
DA:1156,2
DA:1157,8
DA:1159,1
DA:1160,2
DA:1161,1
DA:1166,2
DA:1167,2
DA:1168,1
DA:1170,1
DA:1176,4
DA:1177,2
DA:1183,2
DA:1184,0
DA:1185,4
DA:1188,2
DA:1191,2
DA:1192,2
DA:1193,2
DA:1194,2
DA:1195,2
DA:1196,2
DA:1197,2
DA:1198,2
DA:1199,2
DA:1200,2
DA:1201,2
DA:1202,2
DA:1203,2
DA:1204,2
DA:1205,2
DA:1206,2
DA:1207,2
DA:1208,2
DA:1209,2
DA:1210,2
DA:1211,2
DA:1212,2
DA:1213,2
DA:1214,2
DA:1215,2
DA:1216,2
DA:1217,2
DA:1218,2
DA:1219,2
DA:1220,2
DA:1221,2
DA:1222,2
DA:1223,2
DA:1224,2
DA:1226,5
DA:1227,3
DA:1230,6
DA:1231,6
DA:1232,2
DA:1235,6
DA:1236,6
DA:1237,2
DA:1240,4
DA:1241,4
DA:1244,3
DA:1246,6
DA:1247,5
DA:1248,6
DA:1249,6
DA:1250,3
DA:1253,6
DA:1254,6
DA:1257,6
DA:1258,8
DA:1261,3
LF:587
LH:448
end_of_record
SF:lib/src/theme/streaming_text_theme.dart
DA:28,4
DA:39,3
DA:40,3
DA:41,6
DA:43,3
DA:47,3
DA:48,6
DA:51,3
DA:52,6
DA:61,0
DA:71,0
DA:72,0
DA:73,0
DA:74,0
DA:75,0
DA:76,0
DA:77,0
DA:78,0
DA:82,0
DA:84,0
DA:88,0
DA:89,0
DA:90,0
DA:91,0
DA:92,0
DA:93,0
DA:94,0
DA:95,0
DA:103,3
DA:104,6
DA:105,3
LF:31
LH:12
end_of_record
SF:lib/src/controller/streaming_text_controller.dart
DA:53,4
DA:56,4
DA:59,4
DA:62,0
DA:65,0
DA:68,0
DA:72,0
DA:73,0
DA:74,0
DA:76,0
DA:77,0
DA:81,1
DA:82,3
DA:83,1
DA:84,1
DA:89,1
DA:90,1
DA:91,1
DA:92,1
DA:97,0
DA:98,0
DA:99,0
DA:100,0
DA:101,0
DA:102,0
DA:106,2
DA:107,2
DA:108,2
DA:109,2
DA:110,2
DA:111,2
DA:112,2
DA:116,0
DA:117,0
DA:118,0
DA:119,0
DA:120,0
DA:121,0
DA:125,0
DA:126,0
DA:130,0
DA:131,0
DA:135,0
DA:136,0
DA:140,2
DA:141,2
DA:145,1
DA:146,2
DA:148,2
DA:149,0
DA:150,0
DA:151,0
DA:154,1
DA:158,2
DA:159,2
DA:160,2
DA:161,2
DA:162,2
DA:163,2
DA:166,2
DA:167,4
DA:168,2
DA:169,2
DA:170,2
DA:174,2
DA:175,2
DA:176,2
DA:179,0
DA:181,0
DA:182,0
DA:183,0
DA:184,0
DA:209,0
DA:212,0
DA:215,0
DA:217,0
DA:219,0
DA:221,0
DA:223,0
DA:225,0
LF:80
LH:38
end_of_record
SF:lib/src/presets/animation_presets.dart
DA:100,0
DA:102,0
DA:111,0
DA:120,0
DA:129,0
DA:159,3
DA:169,0
DA:177,0
DA:178,0
DA:179,0
DA:180,0
DA:181,0
DA:182,0
DA:183,0
DA:187,0
DA:190,0
DA:191,0
DA:192,0
DA:193,0
DA:194,0
DA:195,0
DA:196,0
DA:199,0
DA:201,0
DA:202,0
DA:203,0
DA:204,0
DA:205,0
DA:206,0
DA:207,0
DA:211,0
DA:213,0
DA:214,0
DA:215,0
DA:216,0
DA:217,0
DA:218,0
DA:219,0
LF:38
LH:1
end_of_record
SF:lib/src/streaming/default_stream_provider.dart
DA:23,0
DA:26,0
DA:30,0
DA:32,0
DA:35,0
DA:37,0
DA:44,0
DA:45,0
DA:48,0
DA:49,0
DA:52,0
DA:53,0
DA:54,0
DA:55,0
DA:61,0
DA:66,0
DA:67,0
DA:69,0
DA:70,0
DA:71,0
DA:72,0
DA:74,0
DA:76,0
DA:79,0
DA:80,0
DA:87,0
DA:88,0
DA:90,0
DA:91,0
DA:92,0
DA:93,0
DA:95,0
DA:96,0
DA:97,0
DA:98,0
DA:104,0
DA:107,0
DA:108,0
DA:110,0
DA:111,0
DA:115,0
DA:117,0
DA:118,0
DA:120,0
DA:121,0
DA:122,0
DA:124,0
DA:128,0
DA:133,0
DA:134,0
DA:135,0
DA:137,0
DA:139,0
DA:143,0
DA:146,0
DA:147,0
DA:151,0
DA:152,0
DA:154,0
DA:158,0
DA:160,0
DA:161,0
DA:162,0
DA:163,0
DA:164,0
DA:166,0
DA:171,0
DA:173,0
DA:174,0
DA:175,0
DA:176,0
DA:177,0
DA:179,0
DA:184,0
DA:186,0
DA:187,0
DA:188,0
DA:190,0
DA:193,0
DA:195,0
DA:198,0
DA:200,0
DA:201,0
DA:202,0
DA:206,0
DA:207,0
DA:208,0
DA:210,0
DA:211,0
DA:212,0
DA:213,0
DA:214,0
DA:221,0
DA:222,0
DA:223,0
LF:95
LH:0
end_of_record
SF:lib/src/streaming/stream_provider.dart
DA:42,0
DA:49,0
DA:50,0
DA:58,0
DA:60,0
DA:68,0
DA:69,0
DA:77,0
DA:78,0
DA:125,3
DA:148,3
DA:154,0
DA:155,0
LF:13
LH:2
end_of_record
